Case #1: [E, A]
Case #2: [R, I, R]
Case #3: [F, F, D, T]
Case #4: [Z, E, R, A]
Case #5: []
Case #6: [Q, D, E, Q, R, M]
Case #7: [Q, E, E, F, F, E, T, A, F]
Case #8: [F, F, E, S]
Case #9: [F, W, Q, D, E, F]
Case #10: [F, E, Q, Q, I, D, R, W, R]
Case #11: [H, W, Q, A, Q, Q]
Case #12: [R, Q, D, S, S, W, D, Q, B]
Case #13: [F, N, D]
Case #14: [E, G, R, S, S, E, E, Q, D]
Case #15: [A, D, Q, D, E, A, D, Z, W]
Case #16: [R, W, Q, D, A, D, T]
Case #17: [N, A, F, A, F, Q, R, S, Q]
Case #18: [D, E, R, R, F, A, V, Q, Q]
Case #19: [F, A, F, S, S]
Case #20: [R, D, A, A, D, A]
Case #21: [T, D, F, D, E, R]
Case #22: [Q, S, F, R, D, J, A, J]
Case #23: [F, M, E, F, W, S, R]
Case #24: [S, K, K, K, F, W, F]
Case #25: [F, Z, W, R, E, Q, D, E, D]
Case #26: [D, D, Z, R, S]
Case #27: [P, W, R, F, F, W, E, A, E]
Case #28: [W, S, S, A, S, P, W, W, E]
Case #29: [Q, D, D, F, F, H, E, Q, D]
Case #30: [A, W, A, R, E, N, E, S, S]
Case #31: [E, Q, E, V, E, W]
Case #32: [D, R, S, D, E, W, I, F, W]
Case #33: [F, F, A, W, A]
Case #34: [Q, K, E]
Case #35: [Z, Z, Z, Z, Z]
Case #36: [C, E, F, A]
Case #37: [W, R, D, O, D, F, F, R, F]
Case #38: [W, D, Z]
Case #39: [A, Q, R]
Case #40: [P, S, E, A, E, F, F, A, Q]
Case #41: [A, W, J, R, A, A, D, F, A]
Case #42: [D, S, A, R, W, S, W]
Case #43: [L, D, E, F, A, L, D, E]
Case #44: [R, W, S, P, R, F, D, E, D]
Case #45: [F, R]
Case #46: [A, J, Q, R, A, D]
Case #47: [A, Q, A, L, D, R, E, W, D]
Case #48: [F, Q, R, S, S, D]
Case #49: [D, E, H, Q, Q]
Case #50: [E, D, E, T, S, Q, R, D, S]
Case #51: [G, F, G, D]
Case #52: [Q, S]
Case #53: [W, F, R, S, S, F]
Case #54: [R, D]
Case #55: [E, E, A, F, Q, R, W, Q, J]
Case #56: [D, E, S, L, L, Q, S, F]
Case #57: [W, W, F, Q, E, F, A, P, D]
Case #58: [Q, Q, W, E]
Case #59: [M, Q, Q, E, E, Q, F, W, S]
Case #60: [A, Q, A, Z, E, A, E, A, D]
Case #61: [W, D, D, E, A, Q, W]
Case #62: [E, D, W]
Case #63: [W, D, D, Q, Q, W, A, U, S]
Case #64: [W, Q, A, S, H, D, Q]
Case #65: [A, D, V, D, F, F, D, Q, A]
Case #66: [D, R, P, P, S]
Case #67: [F, R, E, E, R, E, W]
Case #68: []
Case #69: [D, F, M, D, Q, F, Q, A, E]
Case #70: [D, E, A, F, D, E, A, R, S]
Case #71: [R, D, A, Q, Q, A, L, F, W]
Case #72: [A, Q, W, E]
Case #73: [Q, Q, Y]
Case #74: [F]
Case #75: [Q, Q, Q, A, W, E]
Case #76: [K, R, S, D, R, D, S]
Case #77: [A, A, A, A, A, A, A, A, A, A]
Case #78: [A, E, W, Z]
Case #79: [D, W, Q, Q, S, E]
Case #80: [O, W, S, F, Q, Q, S, F, A]
Case #81: [E, F, A, D, L, S, S, D, D]
Case #82: [E, Q, Z]
Case #83: [N, D, E, D, R, N]
Case #84: [S, R, S, F, Q, D, Z, A, S]
Case #85: [R, E, W, E, D]
Case #86: [A, D, W, S, R, O, R, S, Q]
Case #87: [W, P, W, F, Q, Q, R, Q, F]
Case #88: [Q, W, M, W, M, S, F, E]
Case #89: [A, S, Q, A, P, R, D, S, R]
Case #90: [W, D, U, F, U, F]
Case #91: [D, W, A, R, F, W]
Case #92: [I, W, S, F, I, A, D, R]
Case #93: [R, W, W, D, Q, D, E]
Case #94: [Q, D, R, D, S, T, S, S, S]
Case #95: [W, M, E, E, S, R, M, F]
Case #96: [A, E, B, D, F, F, W, F, Q]
Case #97: [F, E, D, E, R, Q, Q, U, F]
Case #98: [Y, S, W, F]
Case #99: [D, Q, R, F, W, Q, E]
Case #100: [S, E, W, E, M, M, Q, E]
